GNU gdb (Ubuntu 12.1-0ubuntu1~22.04) 12.1
Copyright (C) 2022 Free Software Foundation, Inc.
License GPLv3+: GNU GPL version 3 or later <http://gnu.org/licenses/gpl.html>
This is free software: you are free to change and redistribute it.
There is NO WARRANTY, to the extent permitted by law.
Type "show copying" and "show warranty" for details.
This GDB was configured as "x86_64-linux-gnu".
Type "show configuration" for configuration details.
For bug reporting instructions, please see:
<https://www.gnu.org/software/gdb/bugs/>.
Find the GDB manual and other documentation resources online at:
    <http://www.gnu.org/software/gdb/documentation/>.

For help, type "help".
Type "apropos word" to search for commands related to "word".
[New LWP 13381]
[Thread debugging using libthread_db enabled]
Using host libthread_db library "/lib/x86_64-linux-gnu/libthread_db.so.1".
__futex_abstimed_wait_common64 (private=<optimized out>, cancel=true, abstime=0x0, op=393, expected=0, futex_word=0x5555ec84a830) at ./nptl/futex-internal.c:57

Stack backtrace
---------------
    abstime=0x0, op=393, expected=0, futex_word=0x5555ec84a830)
    at ./nptl/futex-internal.c:57
        sc_cancel_oldtype = 0
        sc_ret = <optimized out>
        resultvar = <optimized out>
        __arg6 = <optimized out>
        __arg5 = <optimized out>
        __arg4 = <optimized out>
        __arg3 = <optimized out>
        __arg2 = <optimized out>
        __arg1 = <optimized out>
        _a6 = <optimized out>
        _a5 = <optimized out>
        _a4 = <optimized out>
        _a3 = <optimized out>
        _a2 = <optimized out>
        _a1 = <optimized out>
#1  __futex_abstimed_wait_common (cancel=true, private=<optimized out>, 
    abstime=0x0, clockid=0, expected=0, futex_word=0x5555ec84a830)
    at ./nptl/futex-internal.c:87
        err = <optimized out>
        clockbit = 256
        op = 393
        err = <optimized out>
        clockbit = <optimized out>
        op = <optimized out>
#2  __GI___futex_abstimed_wait_cancelable64 (
    futex_word=futex_word@entry=0x5555ec84a830, expected=expected@entry=0, 
    clockid=clockid@entry=0, abstime=abstime@entry=0x0, 
    private=<optimized out>) at ./nptl/futex-internal.c:139
No locals.
#3  0x000079155fe9cbdf in do_futex_wait (sem=sem@entry=0x5555ec84a830, 
    abstime=0x0, clockid=0) at ./nptl/sem_waitcommon.c:111
        err = <optimized out>
#4  0x000079155fe9cc78 in __new_sem_wait_slow64 (sem=0x5555ec84a830, 
    abstime=0x0, clockid=0) at ./nptl/sem_waitcommon.c:183
        _buffer = {__routine = 0x79155fe9cbb0 <__sem_wait_cleanup>, 
          __arg = 0x5555ec84a830, __canceltype = 1252427148, __prev = 0x0}
        err = <optimized out>
        d = 0
#5  0x00005555eb75a5d0 in PyThread_acquire_lock_timed ()
No symbol table info available.
#6  0x00005555eb8c6ac2 in ?? ()
No symbol table info available.
#7  0x00005555eb79c8b7 in ?? ()
No symbol table info available.
#8  0x00005555eb78445c in _PyEval_EvalFrameDefault ()
No symbol table info available.
#9  0x00005555eb79b9fc in _PyFunction_Vectorcall ()
No symbol table info available.
#10 0x00005555eb78445c in _PyEval_EvalFrameDefault ()
No symbol table info available.
#11 0x00005555eb79b9fc in _PyFunction_Vectorcall ()
No symbol table info available.
#12 0x00005555eb78445c in _PyEval_EvalFrameDefault ()
No symbol table info available.
#13 0x00005555eb79b9fc in _PyFunction_Vectorcall ()
No symbol table info available.
#14 0x00005555eb78445c in _PyEval_EvalFrameDefault ()
No symbol table info available.
#15 0x00005555eb79b9fc in _PyFunction_Vectorcall ()
No symbol table info available.
#16 0x00005555eb78445c in _PyEval_EvalFrameDefault ()
No symbol table info available.
#17 0x00005555eb7a993e in ?? ()
No symbol table info available.
#18 0x00005555eb7865d7 in _PyEval_EvalFrameDefault ()
No symbol table info available.
#19 0x00005555eb79b9fc in _PyFunction_Vectorcall ()
No symbol table info available.
#20 0x00005555eb78445c in _PyEval_EvalFrameDefault ()
No symbol table info available.
#21 0x00005555eb7e64a3 in ?? ()
No symbol table info available.
#22 0x00005555eb8c7e94 in ?? ()
No symbol table info available.
#23 0x00005555eb76b86a in ?? ()
No symbol table info available.
#24 0x00005555eb8a5970 in ?? ()
No symbol table info available.
#25 0x00005555eb8a4ee6 in ?? ()
No symbol table info available.
#26 0x00005555eb8a14c8 in Py_FinalizeEx ()
No symbol table info available.
#27 0x00005555eb892913 in Py_RunMain ()
No symbol table info available.
#28 0x00005555eb86902d in Py_BytesMain ()
No symbol table info available.
#29 0x000079155fe29d90 in __libc_start_call_main (
    main=main@entry=0x5555eb868ff0, argc=argc@entry=4, 
    argv=argv@entry=0x7ffc4aa698a8)
    at ../sysdeps/nptl/libc_start_call_main.h:58
        self = <optimized out>
        result = <optimized out>
        unwind_buf = {cancel_jmp_buf = {{jmp_buf = {0, -8222169658596415415, 
                140721560918184, 93827512045552, 93827515406392, 
                133132715176000, 8222562532935968841, 9209372535435405385}, 
              mask_was_saved = 0}}, priv = {pad = {0x0, 0x0, 0x0, 0x0}, 
            data = {prev = 0x0, cleanup = 0x0, canceltype = 0}}}
        not_first_call = <optimized out>
#30 0x000079155fe29e40 in __libc_start_main_impl (main=0x5555eb868ff0, argc=4, 
    argv=0x7ffc4aa698a8, init=<optimized out>, fini=<optimized out>, 
    rtld_fini=<optimized out>, stack_end=0x7ffc4aa69898)
    at ../csu/libc-start.c:392
No locals.
#31 0x00005555eb868f25 in _start ()
No symbol table info available.
>>>>>>>>>>>>>>>>>>>>>>>>>>>>>>>>>>>>>>>>>>>>>>>>>>>>>>>>>>>>>>>>>>>
[Inferior 1 (process 13333) detached]
57	./nptl/futex-internal.c: No such file or directory.
Traceback (most recent call last):
  File "<string>", line 25, in <module>
ModuleNotFoundError: No module named 'Cython'
Error while executing Python code.
